<?xml version="1.0" encoding="UTF-8"?>
<!-- Generated by org.testng.reporters.JUnitReportReporter -->
<testsuite hostname="KAJAL" failures="0" tests="1" name="functionality.Tc_car_001_Test" time="33.919" errors="0" timestamp="2024-02-13T19:53:57 IST" skipped="0">
  <testcase classname="functionality.Tc_car_001_Test" name="lamborghini" time="33.919"/>
</testsuite> <!-- functionality.Tc_car_001_Test -->
